::1 - - [02/Nov/2020:21:24:04 +0000] "\x16\x03\x01\x028\x01" 400 226
::1 - - [02/Nov/2020:21:24:04 +0000] "\x16\x03\x01\x028\x01" 400 226
::1 - - [02/Nov/2020:21:24:04 +0000] "\x16\x03\x01\x02" 400 226
::1 - - [02/Nov/2020:21:24:04 +0000] "\x16\x03\x01\x02" 400 226
::1 - - [02/Nov/2020:21:24:04 +0000] "\x16\x03\x01\x02" 400 226
::1 - - [02/Nov/2020:21:24:04 +0000] "\x16\x03\x01\x02" 400 226
::1 - - [02/Nov/2020:21:24:15 +0000] "\x16\x03\x01\x02" 400 226
::1 - - [02/Nov/2020:21:24:15 +0000] "\x16\x03\x01\x02" 400 226
::1 - - [02/Nov/2020:21:24:15 +0000] "\x16\x03\x01\x02" 400 226
::1 - - [02/Nov/2020:21:24:15 +0000] "\x16\x03\x01\x02" 400 226
::1 - - [02/Nov/2020:21:24:15 +0000] "\x16\x03\x01\x02" 400 226
::1 - - [02/Nov/2020:21:24:15 +0000] "\x16\x03\x01\x02" 400 226
::1 - - [02/Nov/2020:21:24:20 +0000] "\x16\x03\x01\x02" 400 226
::1 - - [02/Nov/2020:21:24:20 +0000] "\x16\x03\x01\x02" 400 226
::1 - - [02/Nov/2020:21:24:20 +0000] "\x16\x03\x01\x02" 400 226
::1 - - [02/Nov/2020:21:24:20 +0000] "\x16\x03\x01\x02" 400 226
::1 - - [02/Nov/2020:21:24:20 +0000] "\x16\x03\x01\x02" 400 226
::1 - - [02/Nov/2020:21:24:20 +0000] "\x16\x03\x01\x02" 400 226
::1 - - [02/Nov/2020:21:24:54 +0000] "\x16\x03\x01\x02" 400 226
::1 - - [02/Nov/2020:21:24:54 +0000] "\x16\x03\x01\x02" 400 226
::1 - - [02/Nov/2020:21:24:54 +0000] "\x16\x03\x01\x02" 400 226
::1 - - [02/Nov/2020:21:24:54 +0000] "\x16\x03\x01\x02" 400 226
::1 - - [02/Nov/2020:21:24:54 +0000] "\x16\x03\x01\x02" 400 226
::1 - - [02/Nov/2020:21:24:54 +0000] "\x16\x03\x01\x02" 400 226
::1 - - [02/Nov/2020:21:25:55 +0000] "\x16\x03\x01\x02" 400 226
::1 - - [02/Nov/2020:21:25:55 +0000] "\x16\x03\x01\x02" 400 226
::1 - - [02/Nov/2020:21:26:55 +0000] "-" 408 -
::1 - - [02/Nov/2020:21:27:27 +0000] "\x16\x03\x01\x02" 400 226
::1 - - [02/Nov/2020:21:27:27 +0000] "\x16\x03\x01\x02" 400 226
::1 - - [02/Nov/2020:21:27:27 +0000] "\x16\x03\x01\x02" 400 226
::1 - - [02/Nov/2020:21:27:27 +0000] "\x16\x03\x01\x02" 400 226
::1 - - [02/Nov/2020:21:27:27 +0000] "\x16\x03\x01\x02" 400 226
::1 - - [02/Nov/2020:21:27:27 +0000] "\x16\x03\x01\x02" 400 226
::1 - - [02/Nov/2020:21:27:29 +0000] "\x16\x03\x01\x02" 400 226
::1 - - [02/Nov/2020:21:27:29 +0000] "\x16\x03\x01\x02" 400 226
::1 - - [02/Nov/2020:21:27:29 +0000] "\x16\x03\x01\x02" 400 226
::1 - - [02/Nov/2020:21:27:29 +0000] "\x16\x03\x01\x02" 400 226
::1 - - [02/Nov/2020:21:27:29 +0000] "\x16\x03\x01\x02" 400 226
::1 - - [02/Nov/2020:21:27:29 +0000] "\x16\x03\x01\x02" 400 226
::1 - - [02/Nov/2020:21:27:30 +0000] "\x16\x03\x01\x02" 400 226
::1 - - [02/Nov/2020:21:27:30 +0000] "\x16\x03\x01\x02" 400 226
::1 - - [02/Nov/2020:21:27:30 +0000] "\x16\x03\x01\x02" 400 226
::1 - - [02/Nov/2020:21:27:30 +0000] "\x16\x03\x01\x02" 400 226
::1 - - [02/Nov/2020:21:27:30 +0000] "\x16\x03\x01\x02" 400 226
::1 - - [02/Nov/2020:21:27:30 +0000] "\x16\x03\x01\x02" 400 226
::1 - - [02/Nov/2020:21:27:30 +0000] "\x16\x03\x01\x02" 400 226
::1 - - [02/Nov/2020:21:27:30 +0000] "\x16\x03\x01\x02" 400 226
::1 - - [02/Nov/2020:21:27:30 +0000] "\x16\x03\x01\x02" 400 226
::1 - - [02/Nov/2020:21:27:30 +0000] "\x16\x03\x01\x02" 400 226
::1 - - [02/Nov/2020:21:27:30 +0000] "\x16\x03\x01\x02" 400 226
::1 - - [02/Nov/2020:21:27:30 +0000] "\x16\x03\x01\x02" 400 226
::1 - - [02/Nov/2020:21:27:31 +0000] "\x16\x03\x01\x02" 400 226
::1 - - [02/Nov/2020:21:27:31 +0000] "\x16\x03\x01\x02" 400 226
::1 - - [02/Nov/2020:21:27:31 +0000] "\x16\x03\x01\x02" 400 226
::1 - - [02/Nov/2020:21:27:31 +0000] "\x16\x03\x01\x02" 400 226
::1 - - [02/Nov/2020:21:27:31 +0000] "\x16\x03\x01\x02" 400 226
::1 - - [02/Nov/2020:21:27:31 +0000] "\x16\x03\x01\x02" 400 226
::1 - - [02/Nov/2020:21:27:33 +0000] "\x16\x03\x01\x02" 400 226
::1 - - [02/Nov/2020:21:27:33 +0000] "\x16\x03\x01\x02" 400 226
::1 - - [02/Nov/2020:21:27:33 +0000] "\x16\x03\x01\x02" 400 226
::1 - - [02/Nov/2020:21:27:33 +0000] "\x16\x03\x01\x02" 400 226
::1 - - [02/Nov/2020:21:27:33 +0000] "\x16\x03\x01\x02" 400 226
::1 - - [02/Nov/2020:21:27:33 +0000] "\x16\x03\x01\x02" 400 226
::1 - - [02/Nov/2020:21:27:38 +0000] "\x16\x03\x01\x02" 400 226
::1 - - [02/Nov/2020:21:27:38 +0000] "\x16\x03\x01\x02" 400 226
::1 - - [02/Nov/2020:21:27:38 +0000] "\x16\x03\x01\x02" 400 226
::1 - - [02/Nov/2020:21:27:38 +0000] "\x16\x03\x01\x02" 400 226
::1 - - [02/Nov/2020:21:27:38 +0000] "\x16\x03\x01\x02" 400 226
::1 - - [02/Nov/2020:21:27:38 +0000] "\x16\x03\x01\x02" 400 226
::1 - - [02/Nov/2020:21:28:41 +0000] "\x16\x03\x01\x02" 400 226
::1 - - [02/Nov/2020:21:28:41 +0000] "\x16\x03\x01\x02" 400 226
::1 - - [02/Nov/2020:21:28:41 +0000] "\x16\x03\x01\x02" 400 226
::1 - - [02/Nov/2020:21:28:41 +0000] "\x16\x03\x01\x02" 400 226
::1 - - [02/Nov/2020:21:28:41 +0000] "\x16\x03\x01\x02" 400 226
::1 - - [02/Nov/2020:21:28:41 +0000] "\x16\x03\x01\x02" 400 226
::1 - - [02/Nov/2020:21:28:54 +0000] "\x16\x03\x01\x02" 400 226
::1 - - [02/Nov/2020:21:28:54 +0000] "\x16\x03\x01\x02" 400 226
::1 - - [02/Nov/2020:21:28:54 +0000] "\x16\x03\x01\x02" 400 226
::1 - - [02/Nov/2020:21:28:54 +0000] "\x16\x03\x01\x02" 400 226
::1 - - [02/Nov/2020:21:28:54 +0000] "\x16\x03\x01\x02" 400 226
::1 - - [02/Nov/2020:21:28:54 +0000] "\x16\x03\x01\x02" 400 226
::1 - - [02/Nov/2020:21:37:45 +0000] "\x16\x03\x01\x02" 400 226
::1 - - [02/Nov/2020:21:37:45 +0000] "\x16\x03\x01\x02" 400 226
::1 - - [02/Nov/2020:21:37:45 +0000] "\x16\x03\x01\x02" 400 226
::1 - - [02/Nov/2020:21:37:45 +0000] "\x16\x03\x01\x02" 400 226
::1 - - [02/Nov/2020:21:37:45 +0000] "\x16\x03\x01\x02" 400 226
::1 - - [02/Nov/2020:21:37:45 +0000] "\x16\x03\x01\x02" 400 226
::1 - - [02/Nov/2020:21:37:59 +0000] "\x16\x03\x03" 400 226
::1 - - [02/Nov/2020:21:37:59 +0000] "\x16\x03\x01" 400 226
::1 - - [02/Nov/2020:21:37:59 +0000] "\x16\x03" 400 226
::1 - - [02/Nov/2020:21:38:04 +0000] "\x16\x03\x01\x02" 400 226
::1 - - [02/Nov/2020:21:38:04 +0000] "\x16\x03\x01\x02" 400 226
::1 - - [02/Nov/2020:21:38:04 +0000] "\x16\x03\x01\x02" 400 226
::1 - - [02/Nov/2020:21:38:04 +0000] "\x16\x03\x01\x02" 400 226
::1 - - [02/Nov/2020:21:38:04 +0000] "\x16\x03\x01\x02" 400 226
::1 - - [02/Nov/2020:21:38:04 +0000] "\x16\x03\x01\x02" 400 226
::1 - - [02/Nov/2020:21:45:12 +0000] "-" 408 -
::1 - - [02/Nov/2020:21:48:20 +0000] "-" 408 -
::1 - - [02/Nov/2020:21:53:10 +0000] "-" 408 -
::1 - - [03/Nov/2020:07:12:51 +0000] "-" 408 -
::1 - - [03/Nov/2020:10:51:11 +0000] "-" 408 -
127.0.0.1 - - [03/Nov/2020:10:51:38 +0000] "-" 408 -
127.0.0.1 - - [03/Nov/2020:10:56:21 +0000] "-" 408 -
::1 - - [03/Nov/2020:10:56:39 +0000] "-" 408 -
::1 - - [03/Nov/2020:11:05:54 +0000] "-" 408 -
::1 - - [03/Nov/2020:11:11:41 +0000] "-" 408 -
::1 - - [03/Nov/2020:11:22:25 +0000] "\x16\x03\x01\x02" 400 226
::1 - - [03/Nov/2020:11:22:25 +0000] "\x16\x03\x01\x02" 400 226
::1 - - [03/Nov/2020:11:22:25 +0000] "\x16\x03\x01\x02" 400 226
::1 - - [03/Nov/2020:11:22:25 +0000] "\x16\x03\x01\x02" 400 226
::1 - - [03/Nov/2020:11:22:25 +0000] "\x16\x03\x01\x02" 400 226
::1 - - [03/Nov/2020:11:22:25 +0000] "\x16\x03\x01\x02" 400 226
::1 - - [03/Nov/2020:11:22:32 +0000] "\x16\x03\x01\x02" 400 226
::1 - - [03/Nov/2020:11:22:32 +0000] "\x16\x03\x01\x02" 400 226
::1 - - [03/Nov/2020:11:22:32 +0000] "\x16\x03\x01\x02" 400 226
::1 - - [03/Nov/2020:11:22:32 +0000] "\x16\x03\x01\x02" 400 226
::1 - - [03/Nov/2020:11:22:32 +0000] "\x16\x03\x01\x02" 400 226
::1 - - [03/Nov/2020:11:22:32 +0000] "\x16\x03\x01\x02" 400 226
::1 - - [03/Nov/2020:11:22:49 +0000] "\x16\x03\x01\x02" 400 226
::1 - - [03/Nov/2020:11:22:49 +0000] "\x16\x03\x01\x02" 400 226
::1 - - [03/Nov/2020:11:22:49 +0000] "\x16\x03\x01\x02" 400 226
::1 - - [03/Nov/2020:11:22:49 +0000] "\x16\x03\x01\x02" 400 226
::1 - - [03/Nov/2020:11:22:49 +0000] "\x16\x03\x01\x02" 400 226
::1 - - [03/Nov/2020:11:22:49 +0000] "\x16\x03\x01\x02" 400 226
::1 - - [03/Nov/2020:11:22:53 +0000] "\x16\x03\x01\x02" 400 226
::1 - - [03/Nov/2020:11:22:53 +0000] "\x16\x03\x01\x02" 400 226
::1 - - [03/Nov/2020:11:22:53 +0000] "\x16\x03\x01\x02" 400 226
::1 - - [03/Nov/2020:11:22:53 +0000] "\x16\x03\x01\x02" 400 226
::1 - - [03/Nov/2020:11:22:53 +0000] "\x16\x03\x01\x02" 400 226
::1 - - [03/Nov/2020:11:22:53 +0000] "\x16\x03\x01\x02" 400 226
::1 - - [03/Nov/2020:11:27:46 +0000] "\x16\x03\x01\x02" 400 226
::1 - - [03/Nov/2020:11:27:46 +0000] "\x16\x03\x01\x02" 400 226
::1 - - [03/Nov/2020:11:27:46 +0000] "\x16\x03\x01\x02" 400 226
::1 - - [03/Nov/2020:11:27:46 +0000] "\x16\x03\x01\x02" 400 226
::1 - - [03/Nov/2020:11:27:46 +0000] "\x16\x03\x01\x02" 400 226
::1 - - [03/Nov/2020:11:27:46 +0000] "\x16\x03\x01\x02" 400 226
::1 - - [03/Nov/2020:11:27:49 +0000] "\x16\x03\x01\x02" 400 226
::1 - - [03/Nov/2020:11:27:49 +0000] "\x16\x03\x01\x02" 400 226
::1 - - [03/Nov/2020:11:27:49 +0000] "\x16\x03\x01\x02" 400 226
::1 - - [03/Nov/2020:11:27:49 +0000] "\x16\x03\x01\x02" 400 226
::1 - - [03/Nov/2020:11:27:49 +0000] "\x16\x03\x01\x02" 400 226
::1 - - [03/Nov/2020:11:27:49 +0000] "\x16\x03\x01\x02" 400 226
::1 - - [03/Nov/2020:11:29:11 +0000] "\x16\x03\x01\x02" 400 226
::1 - - [03/Nov/2020:11:29:11 +0000] "\x16\x03\x01\x02" 400 226
::1 - - [03/Nov/2020:11:29:11 +0000] "\x16\x03\x01\x02" 400 226
::1 - - [03/Nov/2020:11:29:11 +0000] "\x16\x03\x01\x02" 400 226
::1 - - [03/Nov/2020:11:29:11 +0000] "\x16\x03\x01\x02" 400 226
::1 - - [03/Nov/2020:11:29:11 +0000] "\x16\x03\x01\x02" 400 226
::1 - - [03/Nov/2020:11:29:13 +0000] "\x16\x03\x01\x02" 400 226
::1 - - [03/Nov/2020:11:29:13 +0000] "\x16\x03\x01\x02" 400 226
::1 - - [03/Nov/2020:11:29:13 +0000] "\x16\x03\x01\x02" 400 226
::1 - - [03/Nov/2020:11:29:13 +0000] "\x16\x03\x01\x02" 400 226
::1 - - [03/Nov/2020:11:29:13 +0000] "\x16\x03\x01\x02" 400 226
::1 - - [03/Nov/2020:11:29:13 +0000] "\x16\x03\x01\x02" 400 226
::1 - - [03/Nov/2020:11:29:23 +0000] "\x16\x03\x01\x02" 400 226
::1 - - [03/Nov/2020:11:29:23 +0000] "\x16\x03\x01\x02" 400 226
::1 - - [03/Nov/2020:11:29:23 +0000] "\x16\x03\x01\x02" 400 226
::1 - - [03/Nov/2020:11:29:23 +0000] "\x16\x03\x01\x02" 400 226
::1 - - [03/Nov/2020:11:29:23 +0000] "\x16\x03\x01\x02" 400 226
::1 - - [03/Nov/2020:11:29:23 +0000] "\x16\x03\x01\x02" 400 226
::1 - - [03/Nov/2020:11:30:05 +0000] "\x16\x03\x01\x02" 400 226
::1 - - [03/Nov/2020:11:30:05 +0000] "\x16\x03\x01\x02" 400 226
::1 - - [03/Nov/2020:11:30:05 +0000] "\x16\x03\x01\x02" 400 226
::1 - - [03/Nov/2020:11:30:05 +0000] "\x16\x03\x01\x02" 400 226
::1 - - [03/Nov/2020:11:30:05 +0000] "\x16\x03\x01\x02" 400 226
::1 - - [03/Nov/2020:11:30:05 +0000] "\x16\x03\x01\x02" 400 226
::1 - - [03/Nov/2020:11:30:12 +0000] "\x16\x03\x01\x02" 400 226
::1 - - [03/Nov/2020:11:30:12 +0000] "\x16\x03\x01\x02" 400 226
::1 - - [03/Nov/2020:11:30:12 +0000] "\x16\x03\x01\x02" 400 226
::1 - - [03/Nov/2020:11:30:12 +0000] "\x16\x03\x01\x02" 400 226
::1 - - [03/Nov/2020:11:30:12 +0000] "\x16\x03\x01\x02" 400 226
::1 - - [03/Nov/2020:11:30:12 +0000] "\x16\x03\x01\x02" 400 226
::1 - - [03/Nov/2020:11:30:14 +0000] "\x16\x03\x01\x02" 400 226
::1 - - [03/Nov/2020:11:30:14 +0000] "\x16\x03\x01\x02" 400 226
::1 - - [03/Nov/2020:11:30:14 +0000] "\x16\x03\x01\x02" 400 226
::1 - - [03/Nov/2020:11:30:14 +0000] "\x16\x03\x01\x02" 400 226
::1 - - [03/Nov/2020:11:30:14 +0000] "\x16\x03\x01\x02" 400 226
::1 - - [03/Nov/2020:11:30:14 +0000] "\x16\x03\x01\x02" 400 226
::1 - - [03/Nov/2020:11:31:20 +0000] "-" 408 -
::1 - - [03/Nov/2020:11:31:47 +0000] "\x16\x03\x01\x02" 400 226
::1 - - [03/Nov/2020:11:31:47 +0000] "\x16\x03\x01\x02" 400 226
::1 - - [03/Nov/2020:11:31:47 +0000] "\x16\x03\x01\x02" 400 226
::1 - - [03/Nov/2020:11:31:47 +0000] "\x16\x03\x01\x02" 400 226
::1 - - [03/Nov/2020:11:31:47 +0000] "\x16\x03\x01\x02" 400 226
::1 - - [03/Nov/2020:11:31:47 +0000] "\x16\x03\x01\x02" 400 226
::1 - - [03/Nov/2020:11:31:50 +0000] "\x16\x03\x01\x02" 400 226
::1 - - [03/Nov/2020:11:31:50 +0000] "\x16\x03\x01\x02" 400 226
::1 - - [03/Nov/2020:11:31:50 +0000] "\x16\x03\x01\x02" 400 226
::1 - - [03/Nov/2020:11:31:50 +0000] "\x16\x03\x01\x02" 400 226
::1 - - [03/Nov/2020:11:31:50 +0000] "\x16\x03\x01\x02" 400 226
::1 - - [03/Nov/2020:11:31:50 +0000] "\x16\x03\x01\x02" 400 226
::1 - - [03/Nov/2020:11:31:56 +0000] "\x16\x03\x01\x02" 400 226
::1 - - [03/Nov/2020:11:31:56 +0000] "\x16\x03\x01\x02" 400 226
::1 - - [03/Nov/2020:11:31:56 +0000] "\x16\x03\x01\x02" 400 226
::1 - - [03/Nov/2020:11:31:56 +0000] "\x16\x03\x01\x02" 400 226
::1 - - [03/Nov/2020:11:31:56 +0000] "\x16\x03\x01\x02" 400 226
::1 - - [03/Nov/2020:11:31:56 +0000] "\x16\x03\x01\x02" 400 226
::1 - - [03/Nov/2020:11:35:10 +0000] "\x16\x03\x01\x02" 400 226
::1 - - [03/Nov/2020:11:35:10 +0000] "\x16\x03\x01\x02" 400 226
::1 - - [03/Nov/2020:11:35:10 +0000] "\x16\x03\x01\x02" 400 226
::1 - - [03/Nov/2020:11:35:10 +0000] "\x16\x03\x01\x02" 400 226
::1 - - [03/Nov/2020:11:35:10 +0000] "\x16\x03\x01\x02" 400 226
::1 - - [03/Nov/2020:11:35:10 +0000] "\x16\x03\x01\x02" 400 226
::1 - - [03/Nov/2020:11:37:22 +0000] "-" 408 -
::1 - - [03/Nov/2020:11:44:29 +0000] "-" 408 -
::1 - - [03/Nov/2020:12:30:57 +0000] "-" 408 -
::1 - - [03/Nov/2020:13:40:37 +0000] "-" 408 -
::1 - - [03/Nov/2020:18:04:04 +0000] "GET / HTTP/1.1" 500 519
::1 - - [03/Nov/2020:18:04:05 +0000] "GET /favicon.ico HTTP/1.1" 500 519
::1 - - [03/Nov/2020:18:05:56 +0000] "GET / HTTP/1.1" 500 519
::1 - - [03/Nov/2020:18:05:57 +0000] "GET /favicon.ico HTTP/1.1" 500 519
::1 - - [03/Nov/2020:18:06:11 +0000] "GET / HTTP/1.1" 500 519
::1 - - [03/Nov/2020:18:06:11 +0000] "GET /favicon.ico HTTP/1.1" 500 519
::1 - - [03/Nov/2020:18:07:56 +0000] "GET / HTTP/1.1" 200 25
::1 - - [03/Nov/2020:18:07:56 +0000] "GET /favicon.ico HTTP/1.1" 404 232
::1 - - [03/Nov/2020:18:08:56 +0000] "-" 408 -
::1 - - [03/Nov/2020:18:29:04 +0000] "GET / HTTP/1.1" 500 519
::1 - - [03/Nov/2020:18:30:03 +0000] "GET / HTTP/1.1" 500 519
::1 - - [03/Nov/2020:18:31:13 +0000] "-" 408 -
::1 - - [03/Nov/2020:18:33:48 +0000] "-" 408 -
::1 - - [03/Nov/2020:19:00:12 +0000] "-" 408 -
::1 - - [03/Nov/2020:19:02:55 +0000] "-" 408 -
::1 - - [03/Nov/2020:19:09:47 +0000] "GET / HTTP/1.1" 500 519
::1 - - [03/Nov/2020:19:10:23 +0000] "GET / HTTP/1.1" 500 519
::1 - - [03/Nov/2020:19:10:25 +0000] "GET / HTTP/1.1" 500 519
::1 - - [03/Nov/2020:19:10:26 +0000] "GET / HTTP/1.1" 500 519
::1 - - [03/Nov/2020:19:11:26 +0000] "-" 408 -
::1 - - [03/Nov/2020:19:13:25 +0000] "GET / HTTP/1.1" 500 519
::1 - - [03/Nov/2020:19:13:27 +0000] "GET / HTTP/1.1" 500 519
::1 - - [03/Nov/2020:19:13:27 +0000] "GET / HTTP/1.1" 500 519
::1 - - [03/Nov/2020:19:14:27 +0000] "-" 408 -
::1 - - [03/Nov/2020:19:15:38 +0000] "-" 408 -
::1 - - [03/Nov/2020:19:23:02 +0000] "-" 408 -
::1 - - [03/Nov/2020:21:10:16 +0000] "-" 408 -
::1 - - [03/Nov/2020:21:15:28 +0000] "-" 408 -
::1 - - [03/Nov/2020:21:18:37 +0000] "-" 408 -
::1 - - [03/Nov/2020:21:41:16 +0000] "-" 408 -
::1 - - [03/Nov/2020:22:27:57 +0000] "-" 408 -
::1 - - [03/Nov/2020:22:29:45 +0000] "-" 408 -
::1 - - [03/Nov/2020:22:41:38 +0000] "GET / HTTP/1.1" 403 199
::1 - - [03/Nov/2020:22:41:38 +0000] "GET /favicon.ico HTTP/1.1" 403 199
::1 - - [03/Nov/2020:22:41:52 +0000] "GET / HTTP/1.1" 403 199
::1 - - [03/Nov/2020:22:41:52 +0000] "GET /favicon.ico HTTP/1.1" 403 199
::1 - - [03/Nov/2020:22:42:52 +0000] "-" 408 -
::1 - - [03/Nov/2020:22:43:15 +0000] "GET / HTTP/1.1" 403 199
::1 - - [03/Nov/2020:22:43:16 +0000] "GET /favicon.ico HTTP/1.1" 403 199
::1 - - [03/Nov/2020:22:43:19 +0000] "GET / HTTP/1.1" 403 199
::1 - - [03/Nov/2020:22:43:19 +0000] "GET /favicon.ico HTTP/1.1" 403 199
::1 - - [03/Nov/2020:22:43:57 +0000] "\x16\x03\x01\x02" 400 226
::1 - - [03/Nov/2020:22:43:57 +0000] "\x16\x03\x01\x02" 400 226
::1 - - [03/Nov/2020:22:43:57 +0000] "\x16\x03\x01\x02" 400 226
::1 - - [03/Nov/2020:22:43:57 +0000] "\x16\x03\x01\x02" 400 226
::1 - - [03/Nov/2020:22:43:57 +0000] "\x16\x03\x01\x02" 400 226
::1 - - [03/Nov/2020:22:43:57 +0000] "\x16\x03\x01\x02" 400 226
::1 - - [03/Nov/2020:22:44:15 +0000] "-" 408 -
::1 - - [03/Nov/2020:22:46:37 +0000] "\x16\x03\x01\x02" 400 226
::1 - - [03/Nov/2020:22:46:37 +0000] "\x16\x03\x01\x02" 400 226
::1 - - [03/Nov/2020:22:46:37 +0000] "\x16\x03\x01\x02" 400 226
::1 - - [03/Nov/2020:22:46:37 +0000] "\x16\x03\x01\x02" 400 226
::1 - - [03/Nov/2020:22:46:37 +0000] "\x16\x03\x01\x02" 400 226
::1 - - [03/Nov/2020:22:46:37 +0000] "\x16\x03\x01\x02" 400 226
::1 - - [03/Nov/2020:22:46:44 +0000] "\x16\x03\x01\x02" 400 226
::1 - - [03/Nov/2020:22:46:44 +0000] "\x16\x03\x01\x02" 400 226
::1 - - [03/Nov/2020:22:46:44 +0000] "\x16\x03\x01\x02" 400 226
::1 - - [03/Nov/2020:22:46:44 +0000] "\x16\x03\x01\x02" 400 226
::1 - - [03/Nov/2020:22:46:44 +0000] "\x16\x03\x01\x02" 400 226
::1 - - [03/Nov/2020:22:46:44 +0000] "\x16\x03\x01\x02" 400 226
::1 - - [03/Nov/2020:22:46:50 +0000] "\x16\x03\x01\x02" 400 226
::1 - - [03/Nov/2020:22:46:50 +0000] "\x16\x03\x01\x02" 400 226
::1 - - [03/Nov/2020:22:46:50 +0000] "\x16\x03\x01\x02" 400 226
::1 - - [03/Nov/2020:22:46:50 +0000] "\x16\x03\x01\x02" 400 226
::1 - - [03/Nov/2020:22:46:50 +0000] "\x16\x03\x01\x02" 400 226
::1 - - [03/Nov/2020:22:46:50 +0000] "\x16\x03\x01\x02" 400 226
::1 - - [03/Nov/2020:22:51:10 +0000] "\x16\x03\x01\x02" 400 226
::1 - - [03/Nov/2020:22:51:10 +0000] "\x16\x03\x01\x02" 400 226
::1 - - [03/Nov/2020:22:51:10 +0000] "\x16\x03\x01\x02" 400 226
::1 - - [03/Nov/2020:22:51:10 +0000] "\x16\x03\x01\x02" 400 226
::1 - - [03/Nov/2020:22:51:10 +0000] "\x16\x03\x01\x02" 400 226
::1 - - [03/Nov/2020:22:51:10 +0000] "\x16\x03\x01\x02" 400 226
::1 - - [03/Nov/2020:22:51:14 +0000] "\x16\x03\x01\x02" 400 226
::1 - - [03/Nov/2020:22:51:14 +0000] "\x16\x03\x01\x02" 400 226
::1 - - [03/Nov/2020:22:51:14 +0000] "\x16\x03\x01\x02" 400 226
::1 - - [03/Nov/2020:22:51:14 +0000] "\x16\x03\x01\x02" 400 226
::1 - - [03/Nov/2020:22:51:14 +0000] "\x16\x03\x01\x02" 400 226
::1 - - [03/Nov/2020:22:51:14 +0000] "\x16\x03\x01\x02" 400 226
::1 - - [03/Nov/2020:22:51:17 +0000] "\x16\x03\x01\x02" 400 226
::1 - - [03/Nov/2020:22:51:17 +0000] "\x16\x03\x01\x02" 400 226
::1 - - [03/Nov/2020:22:51:17 +0000] "\x16\x03\x01\x02" 400 226
::1 - - [03/Nov/2020:22:51:17 +0000] "\x16\x03\x01\x02" 400 226
::1 - - [03/Nov/2020:22:51:17 +0000] "\x16\x03\x01\x02" 400 226
::1 - - [03/Nov/2020:22:51:17 +0000] "\x16\x03\x01\x02" 400 226
::1 - - [03/Nov/2020:22:51:18 +0000] "\x16\x03\x01\x02" 400 226
::1 - - [03/Nov/2020:22:51:18 +0000] "\x16\x03\x01\x02" 400 226
::1 - - [03/Nov/2020:22:51:18 +0000] "\x16\x03\x01\x02" 400 226
::1 - - [03/Nov/2020:22:51:18 +0000] "\x16\x03\x01\x02" 400 226
::1 - - [03/Nov/2020:22:51:18 +0000] "\x16\x03\x01\x02" 400 226
::1 - - [03/Nov/2020:22:51:18 +0000] "\x16\x03\x01\x02" 400 226
::1 - - [03/Nov/2020:22:51:42 +0000] "\x16\x03\x01\x02" 400 226
::1 - - [03/Nov/2020:22:51:42 +0000] "\x16\x03\x01\x02" 400 226
::1 - - [03/Nov/2020:22:51:42 +0000] "\x16\x03\x01\x02" 400 226
::1 - - [03/Nov/2020:22:51:42 +0000] "\x16\x03\x01\x02" 400 226
::1 - - [03/Nov/2020:22:51:42 +0000] "\x16\x03\x01\x02" 400 226
::1 - - [03/Nov/2020:22:51:42 +0000] "\x16\x03\x01\x02" 400 226
::1 - - [03/Nov/2020:22:51:46 +0000] "\x16\x03\x01\x02" 400 226
::1 - - [03/Nov/2020:22:51:46 +0000] "\x16\x03\x01\x02" 400 226
::1 - - [03/Nov/2020:22:51:46 +0000] "\x16\x03\x01\x02" 400 226
::1 - - [03/Nov/2020:22:51:46 +0000] "\x16\x03\x01\x02" 400 226
::1 - - [03/Nov/2020:22:51:46 +0000] "\x16\x03\x01\x02" 400 226
::1 - - [03/Nov/2020:22:51:46 +0000] "\x16\x03\x01\x02" 400 226
::1 - - [03/Nov/2020:22:52:09 +0000] "-" 408 -
::1 - - [03/Nov/2020:22:53:37 +0000] "\x16\x03\x01\x02" 400 226
::1 - - [03/Nov/2020:22:53:37 +0000] "\x16\x03\x01\x02" 400 226
::1 - - [03/Nov/2020:22:53:37 +0000] "\x16\x03\x01\x02" 400 226
::1 - - [03/Nov/2020:22:53:37 +0000] "\x16\x03\x01\x02" 400 226
::1 - - [03/Nov/2020:22:53:37 +0000] "\x16\x03\x01\x02" 400 226
::1 - - [03/Nov/2020:22:53:37 +0000] "\x16\x03\x01\x02" 400 226
::1 - - [03/Nov/2020:22:53:38 +0000] "\x16\x03\x01\x02" 400 226
::1 - - [03/Nov/2020:22:53:38 +0000] "\x16\x03\x01\x02" 400 226
::1 - - [03/Nov/2020:22:53:38 +0000] "\x16\x03\x01\x02" 400 226
::1 - - [03/Nov/2020:22:53:38 +0000] "\x16\x03\x01\x02" 400 226
::1 - - [03/Nov/2020:22:53:38 +0000] "\x16\x03\x01\x02" 400 226
::1 - - [03/Nov/2020:22:53:38 +0000] "\x16\x03\x01\x02" 400 226
::1 - - [03/Nov/2020:22:53:39 +0000] "\x16\x03\x01\x02" 400 226
::1 - - [03/Nov/2020:22:53:39 +0000] "\x16\x03\x01\x02" 400 226
::1 - - [03/Nov/2020:22:53:39 +0000] "\x16\x03\x01\x02" 400 226
::1 - - [03/Nov/2020:22:53:39 +0000] "\x16\x03\x01\x02" 400 226
::1 - - [03/Nov/2020:22:53:39 +0000] "\x16\x03\x01\x02" 400 226
::1 - - [03/Nov/2020:22:53:39 +0000] "\x16\x03\x01\x02" 400 226
::1 - - [03/Nov/2020:22:53:39 +0000] "\x16\x03\x01\x02" 400 226
::1 - - [03/Nov/2020:22:53:39 +0000] "\x16\x03\x01\x02" 400 226
::1 - - [03/Nov/2020:22:53:39 +0000] "\x16\x03\x01\x02" 400 226
::1 - - [03/Nov/2020:22:53:39 +0000] "\x16\x03\x01\x02" 400 226
::1 - - [03/Nov/2020:22:53:39 +0000] "\x16\x03\x01\x02" 400 226
::1 - - [03/Nov/2020:22:53:39 +0000] "\x16\x03\x01\x02" 400 226
::1 - - [03/Nov/2020:22:53:39 +0000] "\x16\x03\x01\x02" 400 226
::1 - - [03/Nov/2020:22:53:39 +0000] "\x16\x03\x01\x02" 400 226
::1 - - [03/Nov/2020:22:53:39 +0000] "\x16\x03\x01\x02" 400 226
::1 - - [03/Nov/2020:22:53:39 +0000] "\x16\x03\x01\x02" 400 226
::1 - - [03/Nov/2020:22:53:39 +0000] "\x16\x03\x01\x02" 400 226
::1 - - [03/Nov/2020:22:53:39 +0000] "\x16\x03\x01\x02" 400 226
::1 - - [03/Nov/2020:22:53:41 +0000] "\x16\x03\x01\x02" 400 226
::1 - - [03/Nov/2020:22:53:41 +0000] "\x16\x03\x01\x02" 400 226
::1 - - [03/Nov/2020:22:53:41 +0000] "\x16\x03\x01\x02" 400 226
::1 - - [03/Nov/2020:22:53:41 +0000] "\x16\x03\x01\x02" 400 226
::1 - - [03/Nov/2020:22:53:41 +0000] "\x16\x03\x01\x02" 400 226
::1 - - [03/Nov/2020:22:53:41 +0000] "\x16\x03\x01\x02" 400 226
::1 - - [03/Nov/2020:22:53:41 +0000] "\x16\x03\x01\x02" 400 226
::1 - - [03/Nov/2020:22:53:41 +0000] "\x16\x03\x01\x02" 400 226
::1 - - [03/Nov/2020:22:53:41 +0000] "\x16\x03\x01\x02" 400 226
::1 - - [03/Nov/2020:22:53:41 +0000] "\x16\x03\x01\x02" 400 226
::1 - - [03/Nov/2020:22:53:41 +0000] "\x16\x03\x01\x02" 400 226
::1 - - [03/Nov/2020:22:53:41 +0000] "\x16\x03\x01\x02" 400 226
::1 - - [03/Nov/2020:22:53:45 +0000] "\x16\x03\x01\x02" 400 226
::1 - - [03/Nov/2020:22:53:45 +0000] "\x16\x03\x01\x02" 400 226
::1 - - [03/Nov/2020:22:53:45 +0000] "\x16\x03\x01\x02" 400 226
::1 - - [03/Nov/2020:22:53:45 +0000] "\x16\x03\x01\x02" 400 226
::1 - - [03/Nov/2020:22:53:45 +0000] "\x16\x03\x01\x02" 400 226
::1 - - [03/Nov/2020:22:53:45 +0000] "\x16\x03\x01\x02" 400 226
::1 - - [03/Nov/2020:22:53:46 +0000] "\x16\x03\x01\x02" 400 226
::1 - - [03/Nov/2020:22:53:46 +0000] "\x16\x03\x01\x02" 400 226
::1 - - [03/Nov/2020:22:53:46 +0000] "\x16\x03\x01\x02" 400 226
::1 - - [03/Nov/2020:22:53:46 +0000] "\x16\x03\x01\x02" 400 226
::1 - - [03/Nov/2020:22:53:46 +0000] "\x16\x03\x01\x02" 400 226
::1 - - [03/Nov/2020:22:53:46 +0000] "\x16\x03\x01\x02" 400 226
::1 - - [03/Nov/2020:22:54:37 +0000] "-" 408 -
::1 - - [03/Nov/2020:23:01:35 +0000] "\x16\x03\x01\x02" 400 226
::1 - - [03/Nov/2020:23:01:35 +0000] "\x16\x03\x01\x02" 400 226
::1 - - [03/Nov/2020:23:01:35 +0000] "\x16\x03\x01\x02" 400 226
::1 - - [03/Nov/2020:23:01:35 +0000] "\x16\x03\x01\x02" 400 226
::1 - - [03/Nov/2020:23:01:35 +0000] "\x16\x03\x01\x02" 400 226
::1 - - [03/Nov/2020:23:01:35 +0000] "\x16\x03\x01\x02" 400 226
::1 - - [03/Nov/2020:23:01:45 +0000] "\x16\x03\x01\x02" 400 226
::1 - - [03/Nov/2020:23:01:45 +0000] "\x16\x03\x01\x02" 400 226
::1 - - [03/Nov/2020:23:01:45 +0000] "\x16\x03\x01\x02" 400 226
::1 - - [03/Nov/2020:23:01:45 +0000] "\x16\x03\x01\x02" 400 226
::1 - - [03/Nov/2020:23:01:45 +0000] "\x16\x03\x01\x02" 400 226
::1 - - [03/Nov/2020:23:01:45 +0000] "\x16\x03\x01\x02" 400 226
::1 - - [03/Nov/2020:23:01:47 +0000] "\x16\x03\x01\x02" 400 226
::1 - - [03/Nov/2020:23:01:47 +0000] "\x16\x03\x01\x02" 400 226
::1 - - [03/Nov/2020:23:01:47 +0000] "\x16\x03\x01\x02" 400 226
::1 - - [03/Nov/2020:23:01:47 +0000] "\x16\x03\x01\x02" 400 226
::1 - - [03/Nov/2020:23:01:47 +0000] "\x16\x03\x01\x02" 400 226
::1 - - [03/Nov/2020:23:01:47 +0000] "\x16\x03\x01\x02" 400 226
::1 - - [03/Nov/2020:23:02:31 +0000] "\x16\x03\x01\x02" 400 226
::1 - - [03/Nov/2020:23:02:31 +0000] "\x16\x03\x01\x02" 400 226
::1 - - [03/Nov/2020:23:02:31 +0000] "\x16\x03\x01\x02" 400 226
::1 - - [03/Nov/2020:23:02:31 +0000] "\x16\x03\x01\x02" 400 226
::1 - - [03/Nov/2020:23:02:31 +0000] "\x16\x03\x01\x02" 400 226
::1 - - [03/Nov/2020:23:02:31 +0000] "\x16\x03\x01\x02" 400 226
::1 - - [03/Nov/2020:23:02:39 +0000] "\x16\x03\x01\x02" 400 226
::1 - - [03/Nov/2020:23:02:39 +0000] "\x16\x03\x01\x02" 400 226
::1 - - [03/Nov/2020:23:02:39 +0000] "\x16\x03\x01\x02" 400 226
::1 - - [03/Nov/2020:23:02:39 +0000] "\x16\x03\x01\x02" 400 226
::1 - - [03/Nov/2020:23:02:39 +0000] "\x16\x03\x01\x02" 400 226
::1 - - [03/Nov/2020:23:02:39 +0000] "\x16\x03\x01\x02" 400 226
::1 - - [03/Nov/2020:23:02:43 +0000] "\x16\x03\x01\x02" 400 226
::1 - - [03/Nov/2020:23:02:43 +0000] "\x16\x03\x01\x02" 400 226
::1 - - [03/Nov/2020:23:02:43 +0000] "\x16\x03\x01\x02" 400 226
::1 - - [03/Nov/2020:23:02:43 +0000] "\x16\x03\x01\x02" 400 226
::1 - - [03/Nov/2020:23:02:43 +0000] "\x16\x03\x01\x02" 400 226
::1 - - [03/Nov/2020:23:02:43 +0000] "\x16\x03\x01\x02" 400 226
::1 - - [04/Nov/2020:06:54:37 +0000] "\x16\x03\x01\x02" 400 226
::1 - - [04/Nov/2020:06:54:37 +0000] "\x16\x03\x01\x02" 400 226
127.0.0.1 - - [04/Nov/2020:06:54:37 +0000] "\x16\x03\x01\x02" 400 226
::1 - - [04/Nov/2020:06:54:37 +0000] "\x16\x03\x01\x02" 400 226
::1 - - [04/Nov/2020:06:58:22 +0000] "\x16\x03\x01\x02" 400 226
::1 - - [04/Nov/2020:06:58:22 +0000] "\x16\x03\x01\x02" 400 226
::1 - - [04/Nov/2020:06:58:22 +0000] "\x16\x03\x01\x02" 400 226
::1 - - [04/Nov/2020:06:58:22 +0000] "\x16\x03\x01\x02" 400 226
::1 - - [04/Nov/2020:06:58:22 +0000] "\x16\x03\x01\x02" 400 226
::1 - - [04/Nov/2020:06:58:22 +0000] "\x16\x03\x01\x02" 400 226
::1 - - [04/Nov/2020:06:58:25 +0000] "\x16\x03\x01\x02" 400 226
::1 - - [04/Nov/2020:06:58:25 +0000] "\x16\x03\x01\x02" 400 226
::1 - - [04/Nov/2020:06:58:25 +0000] "\x16\x03\x01\x02" 400 226
::1 - - [04/Nov/2020:06:58:25 +0000] "\x16\x03\x01\x02" 400 226
::1 - - [04/Nov/2020:06:58:25 +0000] "\x16\x03\x01\x02" 400 226
::1 - - [04/Nov/2020:06:58:25 +0000] "\x16\x03\x01\x02" 400 226
::1 - - [04/Nov/2020:06:58:48 +0000] "GET / HTTP/1.1" 200 25
::1 - - [04/Nov/2020:06:58:50 +0000] "GET /favicon.ico HTTP/1.1" 404 232
::1 - - [04/Nov/2020:06:58:58 +0000] "GET / HTTP/1.1" 200 25
::1 - - [04/Nov/2020:06:59:12 +0000] "GET / HTTP/1.1" 200 25
::1 - - [04/Nov/2020:07:00:09 +0000] "GET / HTTP/1.1" 200 25
::1 - - [04/Nov/2020:07:00:11 +0000] "GET / HTTP/1.1" 200 25
::1 - - [04/Nov/2020:07:00:24 +0000] "GET / HTTP/1.1" 200 25
::1 - - [04/Nov/2020:07:01:10 +0000] "GET / HTTP/1.1" 200 409
::1 - - [04/Nov/2020:07:01:12 +0000] "GET /_dash-component-suites/dash_renderer/prop-types@15.v1_8_2m1601925079.7.2.min.js HTTP/1.1" 200 728
::1 - - [04/Nov/2020:07:01:12 +0000] "GET /_dash-component-suites/dash_renderer/react@16.v1_8_2m1601925079.13.0.min.js HTTP/1.1" 200 4338
::1 - - [04/Nov/2020:07:01:12 +0000] "GET /_dash-component-suites/dash_core_components/dash_core_components-shared.v1_12_1m1601925079.js HTTP/1.1" 200 8543
::1 - - [04/Nov/2020:07:01:12 +0000] "GET /_dash-component-suites/dash_html_components/dash_html_components.v1_1_1m1601925080.min.js HTTP/1.1" 200 15143
::1 - - [04/Nov/2020:07:01:12 +0000] "GET /_dash-component-suites/dash_renderer/polyfill@7.v1_8_2m1601925079.8.7.min.js HTTP/1.1" 200 29243
::1 - - [04/Nov/2020:07:01:12 +0000] "GET /_dash-component-suites/dash_renderer/react-dom@16.v1_8_2m1601925079.13.0.min.js HTTP/1.1" 200 32978
::1 - - [04/Nov/2020:07:01:12 +0000] "GET /_dash-component-suites/dash_renderer/dash_renderer.v1_8_2m1601925079.min.js HTTP/1.1" 200 49896
::1 - - [04/Nov/2020:07:01:12 +0000] "GET /_dash-component-suites/dash_core_components/dash_core_components.v1_12_1m1601925079.min.js HTTP/1.1" 200 94397
::1 - - [04/Nov/2020:07:01:13 +0000] "GET /_dash-layout HTTP/1.1" 200 476
::1 - - [04/Nov/2020:07:01:13 +0000] "GET /_dash-dependencies HTTP/1.1" 200 3
::1 - - [04/Nov/2020:07:01:13 +0000] "GET /_favicon.ico?v=1.16.2 HTTP/1.1" 200 9662
::1 - - [04/Nov/2020:07:01:13 +0000] "GET /_dash-component-suites/dash_core_components/async-graph.v1_12_1m1600286997.js HTTP/1.1" 200 4710
::1 - - [04/Nov/2020:07:01:13 +0000] "GET /_dash-component-suites/dash_core_components/async-plotlyjs.v1_12_1m1600286997.js HTTP/1.1" 200 798598
::1 - - [04/Nov/2020:07:01:55 +0000] "GET / HTTP/1.1" 200 409
::1 - - [04/Nov/2020:07:01:55 +0000] "GET /_dash-layout HTTP/1.1" 200 476
::1 - - [04/Nov/2020:07:01:55 +0000] "GET /_dash-dependencies HTTP/1.1" 200 3
::1 - - [04/Nov/2020:07:01:55 +0000] "GET /_favicon.ico?v=1.16.2 HTTP/1.1" 200 9662
::1 - - [04/Nov/2020:07:01:57 +0000] "GET / HTTP/1.1" 200 409
::1 - - [04/Nov/2020:07:01:57 +0000] "GET /_dash-dependencies HTTP/1.1" 200 3
::1 - - [04/Nov/2020:07:01:57 +0000] "GET /_dash-layout HTTP/1.1" 200 476
::1 - - [04/Nov/2020:07:01:57 +0000] "GET /_favicon.ico?v=1.16.2 HTTP/1.1" 200 9662
::1 - - [04/Nov/2020:07:03:56 +0000] "GET / HTTP/1.1" 200 409
::1 - - [04/Nov/2020:07:03:56 +0000] "GET /_dash-layout HTTP/1.1" 200 476
::1 - - [04/Nov/2020:07:03:56 +0000] "GET /_dash-dependencies HTTP/1.1" 200 3
::1 - - [04/Nov/2020:07:03:56 +0000] "GET /_favicon.ico?v=1.16.2 HTTP/1.1" 200 9662
::1 - - [04/Nov/2020:07:04:01 +0000] "GET / HTTP/1.1" 200 409
::1 - - [04/Nov/2020:07:04:01 +0000] "GET /_dash-layout HTTP/1.1" 200 476
::1 - - [04/Nov/2020:07:04:01 +0000] "GET /_dash-dependencies HTTP/1.1" 200 3
::1 - - [04/Nov/2020:07:04:35 +0000] "GET / HTTP/1.1" 200 409
::1 - - [04/Nov/2020:07:04:35 +0000] "GET /_dash-dependencies HTTP/1.1" 200 3
::1 - - [04/Nov/2020:07:04:35 +0000] "GET /_dash-layout HTTP/1.1" 200 476
::1 - - [04/Nov/2020:07:04:35 +0000] "GET /_favicon.ico?v=1.16.2 HTTP/1.1" 200 9662
::1 - - [04/Nov/2020:07:05:45 +0000] "GET / HTTP/1.1" 200 409
::1 - - [04/Nov/2020:07:05:45 +0000] "GET /_dash-dependencies HTTP/1.1" 200 3
::1 - - [04/Nov/2020:07:05:45 +0000] "GET /_dash-layout HTTP/1.1" 200 476
::1 - - [04/Nov/2020:07:09:13 +0000] "-" 408 -
::1 - - [04/Nov/2020:07:11:27 +0000] "-" 408 -
::1 - - [04/Nov/2020:07:16:03 +0000] "-" 408 -
::1 - - [04/Nov/2020:07:43:35 +0000] "-" 408 -
::1 - - [04/Nov/2020:09:33:45 +0000] "GET / HTTP/1.1" 200 409
::1 - - [04/Nov/2020:09:33:45 +0000] "GET /_dash-layout HTTP/1.1" 200 476
::1 - - [04/Nov/2020:09:33:45 +0000] "GET /_dash-dependencies HTTP/1.1" 200 3
::1 - - [04/Nov/2020:09:33:46 +0000] "GET /_favicon.ico?v=1.16.2 HTTP/1.1" 200 9662
::1 - - [04/Nov/2020:09:34:37 +0000] "GET / HTTP/1.1" 200 409
::1 - - [04/Nov/2020:09:34:37 +0000] "GET /_dash-layout HTTP/1.1" 200 476
::1 - - [04/Nov/2020:09:34:37 +0000] "GET /_dash-dependencies HTTP/1.1" 200 3
::1 - - [04/Nov/2020:09:34:37 +0000] "GET /_favicon.ico?v=1.16.2 HTTP/1.1" 200 9662
::1 - - [04/Nov/2020:09:35:55 +0000] "-" 408 -
::1 - - [04/Nov/2020:09:37:52 +0000] "-" 408 -
::1 - - [06/Nov/2020:20:13:28 +0000] "GET / HTTP/1.1" 200 409
::1 - - [06/Nov/2020:20:13:37 +0000] "GET /_dash-layout HTTP/1.1" 200 476
::1 - - [06/Nov/2020:20:13:37 +0000] "GET /_dash-dependencies HTTP/1.1" 200 3
::1 - - [06/Nov/2020:20:13:37 +0000] "GET /_favicon.ico?v=1.16.2 HTTP/1.1" 200 9662
127.0.0.1 - - [06/Nov/2020:20:14:28 +0000] "-" 408 -
::1 - - [06/Nov/2020:20:14:46 +0000] "GET / HTTP/1.1" 200 404
::1 - - [06/Nov/2020:20:14:47 +0000] "GET /_dash-layout HTTP/1.1" 200 476
::1 - - [06/Nov/2020:20:14:47 +0000] "GET /_dash-dependencies HTTP/1.1" 200 3
::1 - - [06/Nov/2020:20:19:08 +0000] "-" 408 -
