1.780000000000000027e+00 -6.716801156954514962e-01
1.790000000000000036e+00 -1.132552986532809891e+00
1.800000000000000044e+00 -1.485485971096094593e+00
1.810000000000000053e+00 -2.192549679186735379e+00
1.820000000000000062e+00 -1.051307631066982218e+00
1.830000000000000071e+00 -7.931625968994489018e-01
1.840000000000000080e+00 -1.132656830101497203e+00
1.850000000000000089e+00 -1.106319588479012683e+00
1.860000000000000098e+00 -4.760177785749720170e-01
1.870000000000000107e+00 -3.590845864585264224e-01
1.880000000000000115e+00 1.769351853290768162e-01
1.890000000000000124e+00 -1.079870630528042552e-01
1.900000000000000133e+00 -9.979763568108719340e-01
1.910000000000000142e+00 -4.002278861083978789e-01
1.919999999999999929e+00 9.148455113809150774e-02
1.929999999999999938e+00 -1.140817990220968525e+00
1.939999999999999947e+00 7.025353146860463527e-02
1.949999999999999956e+00 6.044104554279042807e-01
1.959999999999999964e+00 -3.380950622769782199e-01
1.969999999999999973e+00 1.642750283362045260e-01
1.979999999999999982e+00 8.288076953232018096e-02
1.989999999999999991e+00 -3.857950191995335176e-01
2.000000000000000000e+00 -7.144542264430940870e-01
2.010000000000000231e+00 1.420217993034211257e-01
2.020000000000000018e+00 4.739527639275590842e-01
2.030000000000000249e+00 3.745127081781792766e-01
2.040000000000000036e+00 3.658724923173218846e-01
2.049999999999999822e+00 3.583066132833366835e-01
2.060000000000000053e+00 4.394033633224447843e-01
2.069999999999999840e+00 1.207494709114775189e+00
2.080000000000000071e+00 8.200475448370908582e-01
2.089999999999999858e+00 -1.170541692993924965e-01
2.100000000000000089e+00 6.271828858311635502e-01
2.109999999999999876e+00 1.052630544257302514e+00
2.120000000000000107e+00 -4.534899254327225959e-01
2.129999999999999893e+00 -1.943002868910037595e-01
2.140000000000000124e+00 9.260298837451603760e-01
2.149999999999999911e+00 1.272698834315543426e+00
2.160000000000000142e+00 1.171927282030750472e+00
2.169999999999999929e+00 5.777744112810093702e-01
2.180000000000000160e+00 3.157331079238874239e-01
2.189999999999999947e+00 1.937248045726009948e-01
2.200000000000000178e+00 1.915859747981134120e+00
2.209999999999999964e+00 1.180587261371625285e+00
2.220000000000000195e+00 1.711478392525773051e+00
2.229999999999999982e+00 1.058034672853523928e+00
2.240000000000000213e+00 1.205823218451616219e+00
2.250000000000000000e+00 1.182210803280724809e+00
2.260000000000000231e+00 1.329531652324315028e+00
2.270000000000000018e+00 8.172526373648041353e-01
2.280000000000000249e+00 4.293476726510708774e-01
2.290000000000000036e+00 1.053759882754662147e+00
2.300000000000000266e+00 1.146735291731971085e+00
2.310000000000000053e+00 9.545227497572684738e-01
2.319999999999999840e+00 9.418870817789536387e-01
2.330000000000000071e+00 1.129527468497011577e+00
2.339999999999999858e+00 7.910063622693676022e-01
2.350000000000000089e+00 6.283792849333476038e-01
2.359999999999999876e+00 1.210691813283707008e+00
2.370000000000000107e+00 5.989841207609654106e-01
2.379999999999999893e+00 -9.138040261599056358e-02
2.390000000000000124e+00 5.392349407517387228e-01
2.399999999999999911e+00 7.167014190529741313e-01
2.410000000000000142e+00 3.765729787524693117e-01
2.419999999999999929e+00 1.172152101972093963e+00
